<?xml version="1.0" encoding="UTF-8"?>
<!-- Generated by org.testng.reporters.JUnitReportReporter -->
<testsuite hostname="DESKTOP-I3R9PLS" failures="0" tests="3" name="mavenPackage.ExcelJxlClass" time="19.920" errors="0" timestamp="2023-02-24T12:57:51 IST" skipped="0">
  <testcase classname="mavenPackage.ExcelJxlClass" name="loginWithUsPw" time="6.106"/>
  <system-out/>
  <testcase classname="mavenPackage.ExcelJxlClass" name="loginWithUsPw" time="6.927"/>
  <system-out/>
  <testcase classname="mavenPackage.ExcelJxlClass" name="loginWithUsPw" time="6.887"/>
  <system-out/>
</testsuite> <!-- mavenPackage.ExcelJxlClass -->
